<?xml version="1.0" encoding="UTF-8"?>
<!-- Generated by org.testng.reporters.JUnitReportReporter -->
<testsuite hostname="Sujata" failures="0" tests="2" name="TESTNGSTUDY.ParallelTestNG" time="0.012" errors="0" timestamp="2022-08-18T11:45:35 IST" skipped="0">
  <testcase classname="TESTNGSTUDY.ParallelTestNG" name="chrome" time="0.006"/>
  <system-out/>
  <testcase classname="TESTNGSTUDY.ParallelTestNG" name="Firefox" time="0.006"/>
  <system-out/>
</testsuite> <!-- TESTNGSTUDY.ParallelTestNG -->
