<?xml version="1.0" encoding="UTF-8"?>
<!-- Generated by org.testng.reporters.JUnitReportReporter -->
<testsuite hostname="Sujata" failures="0" tests="2" name="TESTNGSTUDY.TestNGDataProvider" time="0.005" errors="0" timestamp="2022-08-18T11:36:21 IST" skipped="0">
  <testcase classname="TESTNGSTUDY.TestNGDataProvider" name="login" time="0.004"/>
  <system-out/>
  <testcase classname="TESTNGSTUDY.TestNGDataProvider" name="login" time="0.001"/>
  <system-out/>
</testsuite> <!-- TESTNGSTUDY.TestNGDataProvider -->
