<?xml version="1.0" encoding="UTF-8"?>
<!-- Generated by org.testng.reporters.JUnitReportReporter -->
<testsuite hostname="Sujata" failures="0" tests="1" name="SeleniumBrowser.SeleniumProjectSG" time="87.316" errors="0" timestamp="2022-09-09T23:53:45 IST" skipped="0">
  <testcase classname="SeleniumBrowser.SeleniumProjectSG" name="ProjectScript" time="87.316"/>
  <system-out/>
</testsuite> <!-- SeleniumBrowser.SeleniumProjectSG -->
