<?xml version="1.0" encoding="UTF-8"?>
<!-- Generated by org.testng.reporters.JUnitReportReporter -->
<testsuite hostname="Sujata" failures="0" tests="1" name="TESTNGSTUDY.NewTest" time="0.008" errors="0" timestamp="2022-09-07T22:58:20 IST" skipped="0">
  <testcase classname="TESTNGSTUDY.NewTest" name="f" time="0.008"/>
  <system-out/>
</testsuite> <!-- TESTNGSTUDY.NewTest -->
