<?xml version="1.0" encoding="UTF-8"?>
<!-- Generated by org.testng.reporters.JUnitReportReporter -->
<testsuite hostname="Sujata" failures="0" tests="5" name="TESTNGSTUDY.SeleniumSGTestNGProj" time="57.216" errors="0" timestamp="2022-09-10T14:57:30 IST" skipped="0">
  <testcase classname="TESTNGSTUDY.SeleniumSGTestNGProj" name="startb" time="8.374"/>
  <system-out/>
  <testcase classname="TESTNGSTUDY.SeleniumSGTestNGProj" name="SignIn" time="7.998"/>
  <system-out/>
  <testcase classname="TESTNGSTUDY.SeleniumSGTestNGProj" name="women" time="4.225"/>
  <system-out/>
  <testcase classname="TESTNGSTUDY.SeleniumSGTestNGProj" name="addTocardAndCompareprice" time="22.482"/>
  <system-out/>
  <testcase classname="TESTNGSTUDY.SeleniumSGTestNGProj" name="proceedAndComfirm" time="14.137"/>
  <system-out/>
</testsuite> <!-- TESTNGSTUDY.SeleniumSGTestNGProj -->
