<?xml version="1.0" encoding="UTF-8"?>
<!-- Generated by org.testng.reporters.JUnitReportReporter -->
<testsuite hostname="Sujata" failures="0" tests="1" name="SeleniumBrowser.NewTest" time="0.005" errors="0" timestamp="2022-08-05T22:06:10 IST" skipped="0">
  <testcase classname="SeleniumBrowser.NewTest" name="f" time="0.005"/>
  <system-out/>
</testsuite> <!-- SeleniumBrowser.NewTest -->
