<?xml version="1.0" encoding="UTF-8"?>
<!-- Generated by org.testng.reporters.JUnitReportReporter -->
<testsuite hostname="Sujata" failures="0" tests="2" name="TESTNGSTUDY.TestNGParameter" time="0.008" errors="0" timestamp="2022-09-10T13:41:29 IST" skipped="0">
  <testcase classname="TESTNGSTUDY.TestNGParameter" name="login" time="0.002"/>
  <system-out/>
  <testcase classname="TESTNGSTUDY.TestNGParameter" name="login" time="0.006"/>
  <system-out/>
</testsuite> <!-- TESTNGSTUDY.TestNGParameter -->
