<?xml version="1.0" encoding="UTF-8"?>
<!-- Generated by org.testng.reporters.JUnitReportReporter -->
<testsuite hostname="Sujata" failures="0" tests="3" name="ReadingWritingFiles.DatafromExceltoDataprovider" time="0.009" errors="0" timestamp="2022-08-18T11:37:56 IST" skipped="0">
  <testcase classname="ReadingWritingFiles.DatafromExceltoDataprovider" name="login" time="0.002"/>
  <system-out/>
  <testcase classname="ReadingWritingFiles.DatafromExceltoDataprovider" name="login" time="0.002"/>
  <system-out/>
  <testcase classname="ReadingWritingFiles.DatafromExceltoDataprovider" name="login" time="0.005"/>
  <system-out/>
</testsuite> <!-- ReadingWritingFiles.DatafromExceltoDataprovider -->
